2018-12-20 16:28:45,566 INFO (StartupInfoLogger.java:50)- Starting SpringBootAngularApplication on HSZC1712-0015 with PID 19172 (F:\idea_work\spring-boot-angular\target\classes started by Administrator in F:\idea_work\spring-boot-angular)
2018-12-20 16:28:45,570 DEBUG (StartupInfoLogger.java:53)- Running with Spring Boot v2.1.1.RELEASE, Spring v5.1.3.RELEASE
2018-12-20 16:28:45,572 INFO (SpringApplication.java:679)- The following profiles are active: dev
2018-12-20 16:28:48,003 INFO (StartupInfoLogger.java:59)- Started SpringBootAngularApplication in 3.163 seconds (JVM running for 4.33)
2018-12-20 16:29:39,151 DEBUG (BaseJdbcLogger.java:159)- ==>  Preparing: select * from t_user where userId=? 
2018-12-20 16:29:39,179 DEBUG (BaseJdbcLogger.java:159)- ==> Parameters: 27(Integer)
2018-12-20 16:29:39,239 DEBUG (BaseJdbcLogger.java:159)- <==      Total: 1
2018-12-20 16:29:39,250 INFO (UserServiceImpl.java:27)- User{userId=27, userName='张三', password='null'}
2018-12-20 16:34:14,420 INFO (StartupInfoLogger.java:50)- Starting SpringBootAngularApplication on HSZC1712-0015 with PID 18960 (F:\idea_work\spring-boot-angular\target\classes started by Administrator in F:\idea_work\spring-boot-angular)
2018-12-20 16:34:14,422 DEBUG (StartupInfoLogger.java:53)- Running with Spring Boot v2.1.1.RELEASE, Spring v5.1.3.RELEASE
2018-12-20 16:34:14,423 INFO (SpringApplication.java:679)- The following profiles are active: dev
2018-12-20 16:34:16,918 INFO (StartupInfoLogger.java:59)- Started SpringBootAngularApplication in 2.998 seconds (JVM running for 4.183)
2018-12-20 16:39:37,709 INFO (StartupInfoLogger.java:50)- Starting SpringBootAngularApplication on HSZC1712-0015 with PID 17176 (F:\idea_work\spring-boot-angular\target\classes started by Administrator in F:\idea_work\spring-boot-angular)
2018-12-20 16:39:37,712 DEBUG (StartupInfoLogger.java:53)- Running with Spring Boot v2.1.1.RELEASE, Spring v5.1.3.RELEASE
2018-12-20 16:39:37,714 INFO (SpringApplication.java:679)- The following profiles are active: dev
2018-12-20 16:39:40,296 INFO (StartupInfoLogger.java:59)- Started SpringBootAngularApplication in 3.282 seconds (JVM running for 5.312)
2018-12-20 16:42:29,580 INFO (StartupInfoLogger.java:50)- Starting SpringBootAngularApplication on HSZC1712-0015 with PID 18720 (F:\idea_work\spring-boot-angular\target\classes started by Administrator in F:\idea_work\spring-boot-angular)
2018-12-20 16:42:29,587 DEBUG (StartupInfoLogger.java:53)- Running with Spring Boot v2.1.1.RELEASE, Spring v5.1.3.RELEASE
2018-12-20 16:42:29,588 INFO (SpringApplication.java:679)- The following profiles are active: dev
2018-12-20 16:42:32,117 INFO (StartupInfoLogger.java:59)- Started SpringBootAngularApplication in 3.04 seconds (JVM running for 4.258)
2018-12-20 16:43:10,590 INFO (StartupInfoLogger.java:50)- Starting SpringBootAngularApplication on HSZC1712-0015 with PID 15784 (F:\idea_work\spring-boot-angular\target\classes started by Administrator in F:\idea_work\spring-boot-angular)
2018-12-20 16:43:10,592 DEBUG (StartupInfoLogger.java:53)- Running with Spring Boot v2.1.1.RELEASE, Spring v5.1.3.RELEASE
2018-12-20 16:43:10,593 INFO (SpringApplication.java:679)- The following profiles are active: dev
2018-12-20 16:43:13,072 INFO (StartupInfoLogger.java:59)- Started SpringBootAngularApplication in 3.16 seconds (JVM running for 4.315)
2018-12-20 16:47:01,166 INFO (StartupInfoLogger.java:50)- Starting SpringBootAngularApplication on HSZC1712-0015 with PID 9700 (F:\idea_work\spring-boot-angular\target\classes started by Administrator in F:\idea_work\spring-boot-angular)
2018-12-20 16:47:01,168 DEBUG (StartupInfoLogger.java:53)- Running with Spring Boot v2.1.1.RELEASE, Spring v5.1.3.RELEASE
2018-12-20 16:47:01,169 INFO (SpringApplication.java:679)- The following profiles are active: dev
2018-12-20 16:47:03,569 INFO (StartupInfoLogger.java:59)- Started SpringBootAngularApplication in 3.107 seconds (JVM running for 4.344)
2018-12-20 16:48:44,189 DEBUG (BaseJdbcLogger.java:159)- ==>  Preparing: select * from t_user where userId=? 
2018-12-20 16:48:44,208 DEBUG (BaseJdbcLogger.java:159)- ==> Parameters: 27(Integer)
2018-12-20 16:48:44,237 DEBUG (BaseJdbcLogger.java:159)- <==      Total: 1
2018-12-20 16:48:44,246 INFO (UserServiceImpl.java:27)- User{userId=27, userName='张三', password='null'}
2018-12-20 16:50:35,378 INFO (StartupInfoLogger.java:50)- Starting SpringBootAngularApplication on HSZC1712-0015 with PID 18476 (F:\idea_work\spring-boot-angular\target\classes started by Administrator in F:\idea_work\spring-boot-angular)
2018-12-20 16:50:35,382 DEBUG (StartupInfoLogger.java:53)- Running with Spring Boot v2.1.1.RELEASE, Spring v5.1.3.RELEASE
2018-12-20 16:50:35,384 INFO (SpringApplication.java:679)- The following profiles are active: dev
2018-12-20 16:50:37,872 INFO (StartupInfoLogger.java:59)- Started SpringBootAngularApplication in 3.064 seconds (JVM running for 4.386)
2018-12-20 16:52:43,891 INFO (StartupInfoLogger.java:50)- Starting SpringBootAngularApplication on HSZC1712-0015 with PID 18548 (F:\idea_work\spring-boot-angular\target\classes started by Administrator in F:\idea_work\spring-boot-angular)
2018-12-20 16:52:43,895 DEBUG (StartupInfoLogger.java:53)- Running with Spring Boot v2.1.1.RELEASE, Spring v5.1.3.RELEASE
2018-12-20 16:52:43,896 INFO (SpringApplication.java:679)- The following profiles are active: dev
2018-12-20 16:52:46,351 INFO (StartupInfoLogger.java:59)- Started SpringBootAngularApplication in 2.997 seconds (JVM running for 4.305)
2018-12-20 16:52:53,401 DEBUG (BaseJdbcLogger.java:159)- ==>  Preparing: select * from t_user where userId=? 
2018-12-20 16:52:53,423 DEBUG (BaseJdbcLogger.java:159)- ==> Parameters: 27(Integer)
2018-12-20 16:52:54,312 DEBUG (BaseJdbcLogger.java:159)- <==      Total: 1
2018-12-20 16:52:54,323 INFO (UserServiceImpl.java:27)- User{userId=27, userName='张三', password='null'}
